<?xml version="1.0" encoding="UTF-8"?>
<!-- Generated by org.testng.reporters.JUnitXMLReporter -->
<testsuite hostname="LAPTOP-O7OUPMAU" ignored="0" name="Test" tests="4" failures="0" timestamp="01 May 2019 09:25:34 GMT" time="0.113" errors="0">
  <testcase name="BrowserAUtomation" time="0.016" classname="qaclickacademy.SeleniumTest"/>
  <testcase name="elementsUi" time="0.012" classname="qaclickacademy.SeleniumTest"/>
  <testcase name="deleteTwitter" time="0.004" classname="qaclickacademy.RESTAPITest"/>
  <testcase name="postJira" time="0.004" classname="qaclickacademy.RESTAPITest"/>
</testsuite> <!-- Test -->
